<?xml version="1.0" encoding="UTF-8"?>
<!-- Generated by org.testng.reporters.JUnitReportReporter -->
<testsuite hostname="LAPTOP-74RT8JJQ" failures="0" tests="1" name="Demo1" time="1.908" errors="0" timestamp="2023-04-13T18:07:58 IST" skipped="0">
  <testcase classname="Demo1" name="parameters" time="1.908"/>
  <system-out/>
</testsuite> <!-- Demo1 -->
