<?xml version="1.0" encoding="UTF-8"?>
<!-- Generated by org.testng.reporters.JUnitReportReporter -->
<testsuite hostname="LAPTOP-74RT8JJQ" failures="0" tests="1" name="DifferentTypesOfAuthorizations" time="2.072" errors="0" timestamp="2023-04-12T10:32:28 IST" skipped="0">
  <testcase classname="DifferentTypesOfAuthorizations" name="testOauth2Authentication" time="2.072"/>
  <system-out/>
</testsuite> <!-- DifferentTypesOfAuthorizations -->
