<?xml version="1.0" encoding="UTF-8"?>
<!-- Generated by org.testng.reporters.JUnitReportReporter -->
<testsuite hostname="LAPTOP-74RT8JJQ" failures="0" tests="1" name="diffwaystocreatepostrequestbody.ParsingXMLData" time="2.209" errors="0" timestamp="2023-04-06T11:42:12 IST" skipped="0">
  <testcase classname="diffwaystocreatepostrequestbody.ParsingXMLData" name="testXMLResponseData" time="2.209"/>
  <system-out/>
</testsuite> <!-- diffwaystocreatepostrequestbody.ParsingXMLData -->
