<?xml version="1.0" encoding="UTF-8"?>
<!-- Generated by org.testng.reporters.JUnitReportReporter -->
<testsuite hostname="LAPTOP-74RT8JJQ" failures="0" tests="4" name="HTTPRequests" time="4.411" errors="0" timestamp="2023-03-31T14:18:00 IST" skipped="0">
  <testcase classname="HTTPRequests" name="getUsers" time="2.115"/>
  <system-out/>
  <testcase classname="HTTPRequests" name="createUser" time="0.890"/>
  <system-out/>
  <testcase classname="HTTPRequests" name="updateUser" time="0.736"/>
  <system-out/>
  <testcase classname="HTTPRequests" name="deleteUser" time="0.670"/>
  <system-out/>
</testsuite> <!-- HTTPRequests -->
