<?xml version="1.0" encoding="UTF-8"?>
<!-- Generated by org.testng.reporters.JUnitReportReporter -->
<testsuite hostname="LAPTOP-74RT8JJQ" failures="0" tests="1" name="diffwaystocreatepostrequestbody.CookiesDemo" time="2.322" errors="0" timestamp="2023-04-04T10:04:50 IST" skipped="0">
  <testcase classname="diffwaystocreatepostrequestbody.CookiesDemo" name="getCookiesInfo" time="2.322"/>
  <system-out/>
</testsuite> <!-- diffwaystocreatepostrequestbody.CookiesDemo -->
