<?xml version="1.0" encoding="UTF-8"?>
<!-- Generated by org.testng.reporters.JUnitReportReporter -->
<testsuite hostname="LAPTOP-74RT8JJQ" failures="0" tests="1" name="diffwaystocreatepostrequestbody.PathAndQueryParameters" time="1.846" errors="0" timestamp="2023-04-13T10:33:07 IST" skipped="0">
  <testcase classname="diffwaystocreatepostrequestbody.PathAndQueryParameters" name="testPathQueryParam" time="1.846"/>
  <system-out/>
</testsuite> <!-- diffwaystocreatepostrequestbody.PathAndQueryParameters -->
