<?xml version="1.0" encoding="UTF-8"?>
<!-- Generated by org.testng.reporters.JUnitReportReporter -->
<testsuite hostname="LAPTOP-74RT8JJQ" failures="0" tests="2" name="diffwaystocreatepostrequestbody.UploadAndDownloadFiles" time="1.495" errors="0" timestamp="2023-04-06T14:48:16 IST" skipped="0">
  <testcase classname="diffwaystocreatepostrequestbody.UploadAndDownloadFiles" name="fileUpload" time="1.462"/>
  <system-out/>
  <testcase classname="diffwaystocreatepostrequestbody.UploadAndDownloadFiles" name="downloadFile" time="0.033"/>
  <system-out/>
</testsuite> <!-- diffwaystocreatepostrequestbody.UploadAndDownloadFiles -->
