<?xml version="1.0" encoding="UTF-8"?>
<!-- Generated by org.testng.reporters.JUnitReportReporter -->
<testsuite hostname="LAPTOP-74RT8JJQ" failures="0" tests="1" name="FakerDataGenerator" time="0.112" errors="0" timestamp="2023-04-12T11:12:18 IST" skipped="0">
  <testcase classname="FakerDataGenerator" name="fakerDataGenerator" time="0.112"/>
  <system-out/>
</testsuite> <!-- FakerDataGenerator -->
