<?xml version="1.0" encoding="UTF-8"?>
<!-- Generated by org.testng.reporters.JUnitReportReporter -->
<testsuite hostname="LAPTOP-74RT8JJQ" failures="0" tests="1" name="APIChaining.GetUser" time="0.448" errors="0" timestamp="2023-04-12T17:54:39 IST" skipped="0">
  <testcase classname="APIChaining.GetUser" name="testGetuser" time="0.448"/>
  <system-out/>
</testsuite> <!-- APIChaining.GetUser -->
