<?xml version="1.0" encoding="UTF-8"?>
<!-- Generated by org.testng.reporters.JUnitReportReporter -->
<testsuite hostname="LAPTOP-74RT8JJQ" failures="0" tests="2" name="diffwaystocreatepostrequestbody.HeadersDemo" time="2.984" errors="0" timestamp="2023-04-13T10:58:31 IST" skipped="0">
  <testcase classname="diffwaystocreatepostrequestbody.HeadersDemo" name="testHeaders" time="2.074"/>
  <system-out/>
  <testcase classname="diffwaystocreatepostrequestbody.HeadersDemo" name="getHeadersInfo" time="0.910"/>
  <system-out/>
</testsuite> <!-- diffwaystocreatepostrequestbody.HeadersDemo -->
