<?xml version="1.0" encoding="UTF-8"?>
<!-- Generated by org.testng.reporters.JUnitReportReporter -->
<testsuite hostname="LAPTOP-74RT8JJQ" failures="0" tests="1" name="diffwaystocreatepostrequestbody.SerializationAndDeSeralization" time="0.177" errors="0" timestamp="2023-04-13T17:43:47 IST" skipped="0">
  <testcase classname="diffwaystocreatepostrequestbody.SerializationAndDeSeralization" name="convertPojoToJson" time="0.177"/>
  <system-out/>
</testsuite> <!-- diffwaystocreatepostrequestbody.SerializationAndDeSeralization -->
