<?xml version="1.0" encoding="UTF-8"?>
<!-- Generated by org.testng.reporters.JUnitReportReporter -->
<testsuite hostname="LAPTOP-74RT8JJQ" failures="0" tests="1" name="APIChaining.UpdateUser" time="0.377" errors="0" timestamp="2023-04-12T17:54:39 IST" skipped="0">
  <testcase classname="APIChaining.UpdateUser" name="testUpdateuser" time="0.377"/>
  <system-out/>
</testsuite> <!-- APIChaining.UpdateUser -->
