<?xml version="1.0" encoding="UTF-8"?>
<!-- Generated by org.testng.reporters.JUnitReportReporter -->
<testsuite hostname="LAPTOP-74RT8JJQ" failures="0" tests="1" name="diffwaystocreatepostrequestbody.JsonAndXmlSchemaValidation" time="1.407" errors="0" timestamp="2023-04-13T14:18:58 IST" skipped="0">
  <testcase classname="diffwaystocreatepostrequestbody.JsonAndXmlSchemaValidation" name="xmlSchemaValidator" time="1.407"/>
  <system-out/>
</testsuite> <!-- diffwaystocreatepostrequestbody.JsonAndXmlSchemaValidation -->
